<?xml version="1.0" encoding="UTF-8"?>
<!-- Generated by org.testng.reporters.JUnitXMLReporter -->
<testsuite hostname="DESKTOP-LK7NIRS" ignored="0" name="Test" tests="1" failures="1" timestamp="25 Feb 2020 07:56:33 GMT" time="0.063" errors="0">
  <testcase name="run" time="0.015" classname="org.pom.ExecuatbleClass">
    <failure type="java.lang.NullPointerException">
      <![CDATA[java.lang.NullPointerException
at org.pom.ExecuatbleClass.run(ExecuatbleClass.java:8)
... Removed 25 stack frames]]>
    </failure>
  </testcase> <!-- run -->
</testsuite> <!-- Test -->
